0 info it worked if it ends with ok
1 verbose cli [ '/usr/local/Cellar/node/0.10.12/bin/node',
1 verbose cli   '/usr/local/bin/npm',
1 verbose cli   'install',
1 verbose cli   '-g',
1 verbose cli   'nodemon' ]
2 info using npm@1.2.32
3 info using node@v0.10.12
4 verbose read json /usr/local/share/npm/lib/package.json
5 verbose read json /usr/local/share/npm/lib/package.json
6 verbose cache add [ 'nodemon', null ]
7 verbose cache add name=undefined spec="nodemon" args=["nodemon",null]
8 verbose parsed url { protocol: null,
8 verbose parsed url   slashes: null,
8 verbose parsed url   auth: null,
8 verbose parsed url   host: null,
8 verbose parsed url   port: null,
8 verbose parsed url   hostname: null,
8 verbose parsed url   hash: null,
8 verbose parsed url   search: null,
8 verbose parsed url   query: null,
8 verbose parsed url   pathname: 'nodemon',
8 verbose parsed url   path: 'nodemon',
8 verbose parsed url   href: 'nodemon' }
9 silly lockFile 1625b929-nodemon nodemon
10 verbose lock nodemon /Users/ds/.npm/1625b929-nodemon.lock
11 silly lockFile 1625b929-nodemon nodemon
12 silly lockFile 1625b929-nodemon nodemon
13 verbose addNamed [ 'nodemon', '' ]
14 verbose addNamed [ null, '' ]
15 silly lockFile 4f5e51c6-nodemon nodemon@
16 verbose lock nodemon@ /Users/ds/.npm/4f5e51c6-nodemon.lock
17 silly addNameRange { name: 'nodemon', range: '', hasData: false }
18 verbose url raw nodemon
19 verbose url resolving [ 'https://registry.npmjs.org/', './nodemon' ]
20 verbose url resolved https://registry.npmjs.org/nodemon
21 info trying registry request attempt 1 at 09:32:58
22 verbose etag "5LSTKZUEKIUUXX7T4TBCFECXQ"
23 http GET https://registry.npmjs.org/nodemon
24 http 200 https://registry.npmjs.org/nodemon
25 silly registry.get cb [ 200,
25 silly registry.get   { vary: 'Accept',
25 silly registry.get     server: 'CouchDB/1.3.0 (Erlang OTP/R15B03)',
25 silly registry.get     etag: '"D3BJJGTME025EPSH6XOBTYW6G"',
25 silly registry.get     date: 'Tue, 16 Jul 2013 13:32:47 GMT',
25 silly registry.get     'content-type': 'application/json',
25 silly registry.get     'content-length': '284778' } ]
26 silly addNameRange number 2 { name: 'nodemon', range: '', hasData: true }
27 silly addNameRange versions [ 'nodemon',
27 silly addNameRange   [ '0.1.4',
27 silly addNameRange     '0.1.5',
27 silly addNameRange     '0.1.6',
27 silly addNameRange     '0.1.7',
27 silly addNameRange     '0.1.8',
27 silly addNameRange     '0.2.0',
27 silly addNameRange     '0.2.1',
27 silly addNameRange     '0.2.2',
27 silly addNameRange     '0.3.0',
27 silly addNameRange     '0.3.1',
27 silly addNameRange     '0.3.2',
27 silly addNameRange     '0.4.0',
27 silly addNameRange     '0.4.1',
27 silly addNameRange     '0.5.0',
27 silly addNameRange     '0.5.1',
27 silly addNameRange     '0.5.2',
27 silly addNameRange     '0.5.3',
27 silly addNameRange     '0.5.4',
27 silly addNameRange     '0.5.5',
27 silly addNameRange     '0.5.6',
27 silly addNameRange     '0.5.7',
27 silly addNameRange     '0.6.0',
27 silly addNameRange     '0.6.1',
27 silly addNameRange     '0.6.2',
27 silly addNameRange     '0.6.3',
27 silly addNameRange     '0.6.4',
27 silly addNameRange     '0.6.5',
27 silly addNameRange     '0.6.6',
27 silly addNameRange     '0.6.7',
27 silly addNameRange     '0.6.8',
27 silly addNameRange     '0.6.9',
27 silly addNameRange     '0.6.10',
27 silly addNameRange     '0.6.11',
27 silly addNameRange     '0.6.12',
27 silly addNameRange     '0.6.13',
27 silly addNameRange     '0.6.14',
27 silly addNameRange     '0.6.15',
27 silly addNameRange     '0.6.16',
27 silly addNameRange     '0.6.17',
27 silly addNameRange     '0.6.18',
27 silly addNameRange     '0.6.19',
27 silly addNameRange     '0.6.20',
27 silly addNameRange     '0.6.21',
27 silly addNameRange     '0.6.22',
27 silly addNameRange     '0.6.23',
27 silly addNameRange     '0.7.0',
27 silly addNameRange     '0.7.1',
27 silly addNameRange     '0.7.2',
27 silly addNameRange     '0.7.3',
27 silly addNameRange     '0.7.4',
27 silly addNameRange     '0.7.5',
27 silly addNameRange     '0.7.6',
27 silly addNameRange     '0.7.7',
27 silly addNameRange     '0.7.8',
27 silly addNameRange     '0.6.10-a' ] ]
28 verbose addNamed [ 'nodemon', '0.7.8' ]
29 verbose addNamed [ '0.7.8', '0.7.8' ]
30 silly lockFile 197e3f4d-nodemon-0-7-8 nodemon@0.7.8
31 verbose lock nodemon@0.7.8 /Users/ds/.npm/197e3f4d-nodemon-0-7-8.lock
32 verbose read json /Users/ds/.npm/nodemon/0.7.8/package/package.json
33 silly lockFile 197e3f4d-nodemon-0-7-8 nodemon@0.7.8
34 silly lockFile 197e3f4d-nodemon-0-7-8 nodemon@0.7.8
35 silly lockFile 4f5e51c6-nodemon nodemon@
36 silly lockFile 4f5e51c6-nodemon nodemon@
37 silly resolved [ { name: 'nodemon',
37 silly resolved     homepage: 'http://github.com/remy/nodemon',
37 silly resolved     author: { name: 'Remy Sharp', url: 'http://github.com/remy' },
37 silly resolved     bin: { nodemon: './nodemon.js' },
37 silly resolved     repository: { type: 'git', url: 'http://github.com/remy/nodemon.git' },
37 silly resolved     description: 'Simple monitor script for use during development of a node.js app.',
37 silly resolved     keywords:
37 silly resolved      [ 'monitor',
37 silly resolved        'development',
37 silly resolved        'restart',
37 silly resolved        'autoload',
37 silly resolved        'reload',
37 silly resolved        'terminal' ],
37 silly resolved     version: '0.7.8',
37 silly resolved     preferGlobal: 'true',
37 silly resolved     licenses: [ [Object] ],
37 silly resolved     main: './nodemon',
37 silly resolved     readme: '# nodemon\n\nFor use during development of a node.js based application. \n\nnodemon will watch the files in the directory that nodemon was started, and if they change, it will automatically restart your node application.\n\nnodemon does **not** require *any* changes to your code or method of development. nodemon simply wraps your node application and keeps an eye on any files that have changed. Remember that nodemon is a replacement wrapper for `node`, think of it as replacing the word "node" on the command line when you run your script.\n\n# Installation\n\nEither through forking or by using [npm](http://npmjs.org) (the recommended way):\n\n    npm install -g nodemon\n\nAnd nodemon will be installed in to your bin path. Note that as of npm v1, you must explicitly tell npm to install globally as nodemon is a command line utility.\n\n# Usage\n\nnodemon wraps your application, so you can pass all the arguments you would normally pass to your app:\n\n    nodemon [your node app]\n\nFor example, if my application accepted a host and port as the arguments, I would start it as so:\n\n    nodemon ./server.js localhost 8080\n\nAny output from this script is prefixed with `[nodemon]`, otherwise all output from your application, errors included, will be echoed out as expected.\n\nnodemon also supports running and monitoring [coffee-script](http://jashkenas.github.com/coffee-script/) apps:\n\n    nodemon server.coffee\n\nIf no script is given, nodemon will test for a `package.json` file and if found, will run the file associated with the *main* property ([ref](https://github.com/remy/nodemon/issues/14)).\n\nYou can also pass the debug flag to node through the command line as you would normally:\n\n    nodemon --debug ./server.js 80\n\nIf you have a `package.json` file for your app, you can omit the main script entirely and nodemon will read the `package.json` for the `main` property and use that value as the app.\n\n# Automatic re-running\n\nnodemon was original written to restart hanging processes such as web servers, but now supports apps that cleanly exit. If your script exits cleanly, nodemon will continue to monitor the directory (or directories) and restart the script if there are any changes.\n\n# Manual restarting\n\nWhilst nodemon is running, if you need to manually restart your application, instead of stopping and restart nodemon, you can simply type `rs` with a carridge return, and nodemon will restart your process.\n\n# Running non-node scripts\n\nnodemon can also be used to execute and monitor other programs. nodemon will read the file extension of the script being run and monitor that extension instead of .js if there\'s no .nodemonignore:\n\n    nodemon --exec "python -v" ./app.py\n\nNow nodemon will run `app.py` with python in verbose mode (note that if you\'re not passing args to the exec program, you don\'t need the quotes), and look for new or modified files with the `.py` extension.\n\n# Monitoring multiple directories\n\nBy default nodemon monitors the current working directory. If you want to take control of that option, use the `--watch` option to add specific paths:\n\n    nodemon --watch app --watch libs app/server.js\n\nNow nodemon will only restart if there are changes in the `./app` or `./libs` directory. By default nodemon will traverse sub-directories, so there\'s no need in explicitly including sub-directories.\n\n# Specifying extension watch list\n\nBy default, nodemon looks for files with the `.js` extension. If you use the `--exec` option and monitor `app.py` nodemon will monitor files with the extension of `.py`. However, you can specify your own list with the `-e` switch like so:\n\n    nodemon -e js,css,html\n\nOr with alternative syntax:\n\n    nodemon --ext \'.js|.css|.html\'\n\nNow nodemon will restart on any changes to files in the directory (or subdirectories) with the extensions .js, .css or .html.\n\n# Delaying restarting\n\nIn some situations, you may want to wait until a number of files have changed. The timeout before checking for new file changes is 1 second. If you\'re uploading a number of files and it\'s taking some number of seconds, this could cause your app to restart multiple time unnecessarily.\n\nTo add an extra throttle, or delay restarting, use the `--delay` command:\n\n    nodemon --delay 10 server.js\n\nThe delay figure is number of seconds to delay before restarting. So nodemon will only restart your app the given number of seconds after the *last* file change.\n\n# Ignoring files\n\nBy default, if nodemon will only restart when a `.js` JavaScript file changes.  In some cases you will want to ignore some specific files, directories or file patterns, to prevent nodemon from prematurely restarting your application.\n\nYou can use the [example ignore file](http://github.com/remy/nodemon/blob/master/nodemonignore.example) (note that this example file is not hidden - you must rename it to `.nodemonignore`) as a basis for your nodemon, but it\'s very simple to create your own:\n\n    # this is my ignore file with a nice comment at the top\n    \n    /vendor/*     # ignore all external submodules\n    /public/*     # static files\n    ./README.md   # a specific file\n    *.css         # ignore any CSS files too\n    :(\\d)*\\.js    # monitor javascript files with only digits in their name\n\nThe ignore file accepts:\n\n* Comments starting with a `#` symbol\n* Blank lines\n* Specific files\n* File patterns (this is converted to a regex, so you have full control of the pattern)\n* Unescaped regex\'s begining with `:`.\n\n**Note** the `.nodemonignore` file is read from the directory you run nodemon from, *not* from the location of the node script you\'re running.\n\n# Controlling shutdown of your script\n\nnodemon sends a kill signal to your application when it sees a file update. If you need to clean up on shutdown inside your script you can capture the kill signal and handle it yourself.\n\nThe following example will listen once for the `SIGUSR2` signal (used by nodemon to restart), run the clean up process and then kill itself for nodemon to continue control:\n\n    process.once(\'SIGUSR2\', function () {\n      gracefulShutdown(function () {\n        process.kill(process.pid, \'SIGUSR2\'); \n      })\n    });\n\nNote that the `process.kill` is *only* called once your shutdown jobs are complete. Hat tip to [Benjie Gillam](http://www.benjiegillam.com/2011/08/node-js-clean-restart-and-faster-development-with-nodemon/) for writing technique this up.\n\n# Help! My changes aren\'t being detected!\n\nnodemon has three potential methods it uses to look for file changes. First, it polls using the find command to search for files modified within the last second. This method works on systems with a BSD based find (Mac, for example). \n\nNext it tries using node\'s `fs.watch`. `fs.watch` will not always work however, and nodemon will try and detect if this is the case by writing a file to the tmp directory and seeing if fs.watch is triggered when it\'s removed. If nodemon finds that fs.watch was not triggered, it will then fall back to the third method (called legacy watch), which works by statting each file in your working directory looking for changes to the last modified time. This is the most cpu intensive method, but it may be the only option on some systems.\n\nIn certain cases, like when where you are working on a different drive than your tmp directory is on, `fs.watch` may give you a false positive. You can force nodemon to start using the most compatible legacy method by passing the -L switch, e.g. `nodemon -L /my/odd/file.js`.\n\n# License\n\nMIT [http://rem.mit-license.org](http://rem.mit-license.org)\n',
37 silly resolved     readmeFilename: 'README.md',
37 silly resolved     bugs: { url: 'https://github.com/remy/nodemon/issues' },
37 silly resolved     _id: 'nodemon@0.7.8',
37 silly resolved     _from: 'nodemon@' } ]
38 info install nodemon@0.7.8 into /usr/local/share/npm/lib
39 info installOne nodemon@0.7.8
40 verbose from cache /Users/ds/.npm/nodemon/0.7.8/package/package.json
41 info /usr/local/share/npm/lib/node_modules/nodemon unbuild
42 verbose read json /usr/local/share/npm/lib/node_modules/nodemon/package.json
43 info preuninstall nodemon@0.7.8
44 info uninstall nodemon@0.7.8
45 verbose true,/usr/local/share/npm/lib/node_modules,/usr/local/share/npm/lib/node_modules unbuild nodemon@0.7.8
46 verbose /usr/local/share/npm/bin,[object Object] binRoot
47 info postuninstall nodemon@0.7.8
48 info /usr/local/share/npm/lib/node_modules/nodemon unbuild
49 verbose read json /usr/local/share/npm/lib/node_modules/nodemon/package.json
50 info preuninstall nodemon@0.7.8
51 info uninstall nodemon@0.7.8
52 verbose true,/usr/local/share/npm/lib/node_modules,/usr/local/share/npm/lib/node_modules unbuild nodemon@0.7.8
53 verbose /usr/local/share/npm/bin,[object Object] binRoot
54 info postuninstall nodemon@0.7.8
55 error error rolling back Error: EACCES, unlink '/usr/local/share/npm/lib/node_modules/nodemon/.npmignore'
55 error error rolling back  nodemon@0.7.8 { [Error: EACCES, unlink '/usr/local/share/npm/lib/node_modules/nodemon/.npmignore']
55 error error rolling back   errno: 3,
55 error error rolling back   code: 'EACCES',
55 error error rolling back   path: '/usr/local/share/npm/lib/node_modules/nodemon/.npmignore' }
56 error Error: EACCES, unlink '/usr/local/share/npm/lib/node_modules/nodemon/.npmignore'
56 error  { [Error: EACCES, unlink '/usr/local/share/npm/lib/node_modules/nodemon/.npmignore']
56 error   errno: 3,
56 error   code: 'EACCES',
56 error   path: '/usr/local/share/npm/lib/node_modules/nodemon/.npmignore' }
57 error Please try running this command again as root/Administrator.
58 error System Darwin 11.4.2
59 error command "/usr/local/Cellar/node/0.10.12/bin/node" "/usr/local/bin/npm" "install" "-g" "nodemon"
60 error cwd /Users/ds/Documents/locust
61 error node -v v0.10.12
62 error npm -v 1.2.32
63 error path /usr/local/share/npm/lib/node_modules/nodemon/.npmignore
64 error code EACCES
65 error errno 3
66 error stack Error: EACCES, unlink '/usr/local/share/npm/lib/node_modules/nodemon/.npmignore'
67 verbose exit [ 3, true ]
